 AS V1.42 Beta [Bld 137] - source file basic.lst - page 1 - 2019/05/26 12時16分54秒


       1/       0 :                     
 AS V1.42 Beta [Bld 137] - source file basic.lst - page 2 - 2019/05/26 12時16分54秒


  symbol table (* = unused):
  ------------------------

*ARCHITECTURE :    x86_64-apple-osx - | *BIGENDIAN :                      0 - |
*BRANCHEXT :                      0 - | *CASESENSITIVE :                  0 - |
*CONSTPI :        3.141592653589793 - | *DATE :                  2019/05/26 - |
*FALSE :                          0 - | *FULLPMMU :                       1 - |
*HAS64 :                          1 - | *HASDSP :                         0 - |
*HASFPU :                         0 - | *HASPMMU :                        0 - |
*INEXTMODE :                      0 - | *INLWORDMODE :                    0 - |
*INMAXMODE :                      0 - | *INSRCMODE :                      0 - |
*INSUPMODE :                      0 - | *LISTON :                         1 - |
*MACEXP :                         7 - | *MOMCPU :                        80 - |
*MOMCPUNAME :                   Z80 - | *NESTMAX :                      100 - |
*PACKING :                        0 - | *PADDING :                        1 - |
*RELAXED :                        0 - |
*TIME :                          12\-26\-10\-1216\-27\-12\-1254\-25\-89\-11 - |
*TRUE :                           1 - | *VERSION :                     142F - |

     28 symbols
     28 unused symbols

 AS V1.42 Beta [Bld 137] - source file basic.lst - page 3 - 2019/05/26 12時16分54秒


  codepages:
  ----------

STANDARD (0 changed characters)


0.00 seconds assembly time

      1 line source file
      1 pass
      0 errors
      0 warnings
