 AS V1.42 Beta [Bld 137] - source file Z80mon.asm - page 1 - 2019/05/01 13時18分37秒


       1/       0 :                     ;-----------------------------------------------------------------------
       2/       0 :                     ; Z80 Monitor KUNI-NET
       3/       0 :                     ;-----------------------------------------------------------------------
       4/       0 :                     
       5/       0 :                     
       6/       0 : =DH                 CR		EQU	0DH
       7/       0 : =AH                 LF		EQU	0AH
       8/       0 : =1BH                ESC		EQU	1BH
       9/       0 : =3H                 CTRLC	EQU	03H
      10/       0 : =CH                 CLS		EQU	0CH
      11/       0 : =20H                SPC		EQU	20h
      12/       0 : =0H                 NULL	EQU 00h
      13/       0 : =7H                 BEEP	EQU 07h
      14/       0 : =8H                 BS		EQU 08h
      15/       0 : =9H                 TAB		EQU 09h
      16/       0 : =7FH                DEL		EQU 7Fh
      17/       0 :                     
      18/       0 :                     
      19/       0 :                     		ORG	0000h
      20/       0 :                     ;------------------------------------------------------------------------------
      21/       0 :                     ; RST00 リセット
      22/       0 :                     ;------------------------------------------------------------------------------
      23/       0 : F3                  RST00		DI		
      24/       1 : C3 A1 06            		JP	INIT	
      25/       4 :                     
      26/       4 :                     ;------------------------------------------------------------------------------
      27/       4 :                     ; RST08 1文字送信
      28/       4 :                     ;------------------------------------------------------------------------------
      29/       8 :                     	ORG	0008H
      30/       8 : C3 8F 06            RST08		JP	COUT
      31/       B :                     
      32/       B :                     ;------------------------------------------------------------------------------
      33/       B :                     ; RST10 1文字受信
      34/       B :                     ;------------------------------------------------------------------------------
      35/      10 :                     	ORG	0010H
      36/      10 : C3 61 06            RST10		JP	CIN
      37/      13 :                     
      38/      13 :                     ;------------------------------------------------------------------------------
      39/      13 :                     ; RST18 入力バッファチェック
      40/      13 :                     ;------------------------------------------------------------------------------
      41/      18 :                     	ORG	0018H
      42/      18 : C3 9B 06            RST18		JP	CKINCHAR
      43/      1B :                     
      44/      1B :                     ;------------------------------------------------------------------------------
      45/      1B :                     ; RST38 シリアル割り込みルーチン
      46/      1B :                     ;------------------------------------------------------------------------------
      47/      38 :                     	ORG	0038H
      48/      38 : C3 23 06            RST38:	JP	SERINT 
      49/      3B :                     ;
      50/      3B :                     ;
      51/     100 :                     	ORG 0100h
      52/     100 :                     
      53/     100 :                     ;==============================================================================
      54/     100 :                     
      55/     100 :                     ;--------------------------------------------------------------------------------
      56/     100 :                     ; メイン
      57/     100 :                     ;--------------------------------------------------------------------------------
      58/     100 :                     MAIN:
      59/     100 : 21 CB 04                LD HL,OPENMSG
      60/     103 : CD A5 01                CALL STRPR
 AS V1.42 Beta [Bld 137] - source file Z80mon.asm - page 2 - 2019/05/01 13時18分37秒


      61/     106 :                     _MAIN_LOOP:
      62/     106 : 21 06 01            	LD HL,_MAIN_LOOP
      63/     109 : E5                  	PUSH HL
      64/     10A :                     ;
      65/     10A : 3E 3E                   LD A,'>'
      66/     10C : CF                      RST 08h
      67/     10D : DD 21 91 04             LD IX,CMD_TBL
      68/     111 : CD 3E 01            	CALL GETC
      69/     114 : CF                      RST 08H
      70/     115 :                     ;
      71/     115 :                     _CMD_LOOP:
      72/     115 : F5                  	PUSH AF
      73/     116 : DD 7E 00                LD A,(IX+0)
      74/     119 : B7                  	OR A
      75/     11A : 28 14               	JR Z,_ERROR_EXIT
      76/     11C : 47                  	LD B,A
      77/     11D : F1                  	POP AF
      78/     11E : B8                      CP B
      79/     11F : 20 07               	JR NZ,_NEXT_CMD
      80/     121 : DD 6E 01                LD L,(IX+1)
      81/     124 : DD 66 02            	LD H,(IX+2)
      82/     127 : E9                  	JP (HL)
      83/     128 :                     ;
      84/     128 :                     _NEXT_CMD:
      85/     128 : DD 23               	INC IX
      86/     12A : DD 23               	INC IX
      87/     12C : DD 23               	INC IX
      88/     12E : 18 E5               	JR _CMD_LOOP
      89/     130 :                     ;;
      90/     130 :                     _ERROR_EXIT
      91/     130 : F1                  	POP AF
      92/     131 : CD B4 01            	CALL CRLF_PRINT
      93/     134 : 21 1F 06            	LD HL,HATENA_MSG
      94/     137 : CD A5 01            	CALL STRPR
      95/     13A : CD B4 01            	CALL CRLF_PRINT
      96/     13D : C9                  	RET
      97/     13E :                     
      98/     13E :                     
      99/     13E :                     ;------------------------------------------------------------------------------
     100/     13E :                     ; 1文字入力 英字大文字対応
     101/     13E :                     ;------------------------------------------------------------------------------
     102/     13E :                     GETC:
     103/     13E : D7                      RST 10h
     104/     13F : FE 61                   CP 'a'
     105/     141 : F8                      RET M
     106/     142 : FE 7B                   CP 'z'+1
     107/     144 : F0                      RET P
     108/     145 : D6 20                   SUB A,20H
     109/     147 : C9                      RET
     110/     148 :                     
     111/     148 :                     ;------------------------------------------------------------------------------
     112/     148 :                     ; 文字列入力 エコーバックつき
     113/     148 :                     ;------------------------------------------------------------------------------
     114/     148 :                     STRIN:
     115/     148 :                     ; INBUF クリア
     116/     148 : 3E 00                   LD A,00H
     117/     14A : 32 44 80                LD (INBUF),A
     118/     14D : 21 44 80                LD HL,INBUF
     119/     150 : 11 45 80                LD DE,INBUF+1
     120/     153 : 01 3C 00                LD BC,INMAX
 AS V1.42 Beta [Bld 137] - source file Z80mon.asm - page 3 - 2019/05/01 13時18分37秒


     121/     156 : ED B0                   LDIR
     122/     158 :                     ;
     123/     158 : 21 44 80                LD HL,INBUF
     124/     15B :                     ;
     125/     15B :                     _STRIN_LOOP:
     126/     15B : CD 3E 01                CALL GETC
     127/     15E : FE 0D                   CP 0Dh
     128/     160 : 28 3F                   JR Z,_STRIN_END
     129/     162 : FE 08                   CP BS
     130/     164 : 28 23                   JR Z,_BS_RTN
     131/     166 : FE 7F               	CP DEL
     132/     168 : 28 1F                   JR Z,_BS_RTN
     133/     16A : FE 1B               	CP ESC
     134/     16C : 28 19               	JR Z,_ESC_RTN
     135/     16E :                     ;
     136/     16E :                     ; バッファENDにきた?
     137/     16E : 47                  	LD B,A
     138/     16F : 11 80 80            	LD DE,INEND
     139/     172 : 7A                  	LD A,D
     140/     173 : BC                  	CP H
     141/     174 : 20 05               	JR NZ,_CHAR_SET
     142/     176 : 7B                  	LD A,E
     143/     177 : BD                  	CP L
     144/     178 : 28 08               	JR Z,_WARN_BEEP
     145/     17A : 78                  	LD A,B
     146/     17B :                     _CHAR_SET:
     147/     17B : 77                      LD (HL),A
     148/     17C : 23                      INC HL
     149/     17D : CD AE 01                call CPRINT
     150/     180 : 18 D9                   JR _STRIN_LOOP
     151/     182 :                     ;
     152/     182 :                     _WARN_BEEP:
     153/     182 : 3E 07               	LD A,BEEP
     154/     184 : CF                  	RST 08h
     155/     185 : 18 D4                   JR _STRIN_LOOP
     156/     187 :                     ;
     157/     187 :                     _ESC_RTN:
     158/     187 : 3F                  	CCF
     159/     188 : C9                  	RET
     160/     189 :                     ;
     161/     189 :                     _BS_RTN:
     162/     189 : 11 44 80            	LD DE,INBUF
     163/     18C : 7A                  	LD A,D
     164/     18D : BC                  	CP H
     165/     18E : 20 04               	JR NZ,_BS_RTN2
     166/     190 : 7B                  	LD A,E
     167/     191 : BD                  	CP L
     168/     192 : 28 EE               	JR Z,_WARN_BEEP
     169/     194 :                     ;
     170/     194 :                     _BS_RTN2:
     171/     194 : E5                      PUSH HL
     172/     195 : 21 EE 04                LD HL,BSTXT
     173/     198 : CD A5 01                CALL STRPR
     174/     19B : E1                      POP HL
     175/     19C : 2B                      DEC HL
     176/     19D : 36 00                   LD (HL),00h
     177/     19F : 18 BA                   JR _STRIN_LOOP
     178/     1A1 :                     ;
     179/     1A1 :                     _STRIN_END:
     180/     1A1 : CD B4 01                CALL CRLF_PRINT
 AS V1.42 Beta [Bld 137] - source file Z80mon.asm - page 4 - 2019/05/01 13時18分37秒


     181/     1A4 : C9                      RET
     182/     1A5 :                     
     183/     1A5 :                     ;------------------------------------------------------------------------------
     184/     1A5 :                     ; 文字列出力
     185/     1A5 :                     ;------------------------------------------------------------------------------
     186/     1A5 :                     STRPR:
     187/     1A5 : 7E                      LD A,(HL)
     188/     1A6 : B7                      OR A
     189/     1A7 : C8                      RET Z
     190/     1A8 : CD AE 01                CALL CPRINT
     191/     1AB : 23                      INC HL
     192/     1AC : 18 F7                   JR STRPR
     193/     1AE :                     
     194/     1AE :                     ;------------------------------------------------------------------------------
     195/     1AE :                     ; 文字出力 (CRLF対応)
     196/     1AE :                     ; IN: A - キャラクタ
     197/     1AE :                     ; RET: なし
     198/     1AE :                     ;------------------------------------------------------------------------------
     199/     1AE :                     CPRINT:
     200/     1AE : FE 0D                   CP 0Dh
     201/     1B0 : 28 02                   JR Z,CRLF_PRINT
     202/     1B2 : CF                      RST 08h
     203/     1B3 : C9                      RET
     204/     1B4 :                     
     205/     1B4 :                     ;------------------------------------------------------------------------------
     206/     1B4 :                     ; CRLF出力 (CRLF対応)
     207/     1B4 :                     ;------------------------------------------------------------------------------
     208/     1B4 :                     CRLF_PRINT:
     209/     1B4 : 3E 0D                   LD A,0DH
     210/     1B6 : CF                      RST 08H
     211/     1B7 : 3E 0A                   LD A,0AH
     212/     1B9 : CF                      RST 08h
     213/     1BA : C9                      RET
     214/     1BB :                     
     215/     1BB :                     ;------------------------------------------------------------------------------
     216/     1BB :                     ; ブランク出力 
     217/     1BB :                     ;------------------------------------------------------------------------------
     218/     1BB :                     SPC_PRINT:
     219/     1BB : 3E 20                   LD A,SPC
     220/     1BD : CF                      RST 08H
     221/     1BE : C9                      RET
     222/     1BF :                     
     223/     1BF :                     ;------------------------------------------------------------------------------
     224/     1BF :                     ; Hex2桁出力
     225/     1BF :                     ;------------------------------------------------------------------------------
     226/     1BF :                     HEX2OUT:
     227/     1BF : C5                  	PUSH BC
     228/     1C0 : 47                  	LD B,A
     229/     1C1 : CB 3F               	SRL A
     230/     1C3 : CB 3F               	SRL A
     231/     1C5 : CB 3F               	SRL A
     232/     1C7 : CB 3F               	SRL A
     233/     1C9 : CD D4 01            	CALL _HEX_CNV_PR
     234/     1CC : 78                  	LD A,B
     235/     1CD : E6 0F               	AND 0Fh
     236/     1CF : CD D4 01            	CALL _HEX_CNV_PR
     237/     1D2 : C1                  	POP BC
     238/     1D3 : C9                  	RET
     239/     1D4 :                     ;
     240/     1D4 :                     _HEX_CNV_PR:	
 AS V1.42 Beta [Bld 137] - source file Z80mon.asm - page 5 - 2019/05/01 13時18分37秒


     241/     1D4 : C6 90               	ADD A,90h
     242/     1D6 : 27                  	DAA
     243/     1D7 : CE 40               	ADC	A,40h
     244/     1D9 : 27                  	DAA
     245/     1DA : CF                  	RST 08h
     246/     1DB : C9                  	RET
     247/     1DC :                     
     248/     1DC :                     ;================================================================================
     249/     1DC :                     ; ヘルプ出力
     250/     1DC :                     ;================================================================================
     251/     1DC :                     HELP_OUT:
     252/     1DC : 21 F2 04                LD HL,HELP_MSG
     253/     1DF : 18 05               	JR _PRINT_END
     254/     1E1 :                     ;
     255/     1E1 :                     ;================================================================================
     256/     1E1 :                     ; バージョン出力
     257/     1E1 :                     ;================================================================================
     258/     1E1 :                     VERSION_OUT:
     259/     1E1 : 21 B0 04                LD HL,VERMSG
     260/     1E4 : 18 00               	JR _PRINT_END
     261/     1E6 :                     ;
     262/     1E6 :                     ;--------------------------------------------------------------------------------
     263/     1E6 :                     ; メッセージ出力してメインへリターン
     264/     1E6 :                     ;--------------------------------------------------------------------------------
     265/     1E6 :                     _PRINT_END:
     266/     1E6 : CD B4 01            	CALL CRLF_PRINT
     267/     1E9 : CD A5 01                CALL STRPR
     268/     1EC : CD B4 01            	CALL CRLF_PRINT
     269/     1EF : C9                      RET
     270/     1F0 :                     
     271/     1F0 :                     ;--------------------------------------------------------------------------------
     272/     1F0 :                     ; HEX4桁出力
     273/     1F0 :                     ;--------------------------------------------------------------------------------
     274/     1F0 :                     HEX4OUT:
     275/     1F0 : F5                  	PUSH AF
     276/     1F1 : 7C                  	LD A,H
     277/     1F2 : CD BF 01            	CALL HEX2OUT
     278/     1F5 : 7D                  	LD A,L
     279/     1F6 : CD BF 01            	CALL HEX2OUT
     280/     1F9 : F1                  	POP AF
     281/     1FA : C9                  	RET
     282/     1FB :                     
     283/     1FB :                     ;--------------------------------------------------------------------------------
     284/     1FB :                     ; 入力行パース
     285/     1FB :                     ;--------------------------------------------------------------------------------
     286/     1FB :                     PARSER:
     287/     1FB :                     ; 編集エリア初期化
     288/     1FB : 21 81 80            	LD HL,ARGC
     289/     1FE : 3E 00               	LD A,0
     290/     200 : 77                  	LD (HL),A
     291/     201 : 11 82 80            	LD DE,ARGC+1
     292/     204 : 01 06 00            	LD BC,ARG_AREA_LEN-1
     293/     207 : ED B0               	LDIR
     294/     209 :                     ; 入力パラメーター パース開始
     295/     209 : 4F                  	LD C,A
     296/     20A : 21 43 80            	LD HL,INBUF-1
     297/     20D : DD 21 82 80         	LD IX,ARGV_1
     298/     211 :                     ;
     299/     211 :                     _PARSE_LOOP:
     300/     211 : 23                  	INC HL
 AS V1.42 Beta [Bld 137] - source file Z80mon.asm - page 6 - 2019/05/01 13時18分37秒


     301/     212 : 7E                  	LD A,(HL)
     302/     213 : FE 00               	CP NULL
     303/     215 : C8                  	RET Z
     304/     216 : FE 20               	CP SPC
     305/     218 : 28 F7               	JR Z,_PARSE_LOOP
     306/     21A : 0C                      INC C
     307/     21B : 79                  	LD A,C
     308/     21C : FE 04               	CP ARG_MAX+1
     309/     21E : 30 1B               	JR NC,_PARSE_ERR
     310/     220 : 32 81 80            	LD (ARGC),A
     311/     223 : DD 75 00            	LD (IX+0),L
     312/     226 : DD 74 01            	LD (IX+1),H
     313/     229 : DD 23               	INC IX
     314/     22B : DD 23               	INC IX
     315/     22D :                     _PARAM_LOOP:
     316/     22D : 23                  	INC HL
     317/     22E : 7E                  	LD A,(HL)
     318/     22F : FE 00               	CP NULL
     319/     231 : C8                  	RET Z
     320/     232 : FE 20               	CP SPC
     321/     234 : 20 F7               	JR NZ,_PARAM_LOOP
     322/     236 : 3E 00               	LD A,NULL
     323/     238 : 77                  	LD (HL),A
     324/     239 : 18 D6               	JR _PARSE_LOOP
     325/     23B :                     ;
     326/     23B :                     _PARSE_ERR:
     327/     23B : 3F                  	CCF
     328/     23C : C9                  	RET
     329/     23D :                     
     330/     23D :                     ;--------------------------------------------------------------------------------
     331/     23D :                     ; HEX 2桁キャラクタ → Aレジスタ
     332/     23D :                     ;--------------------------------------------------------------------------------
     333/     23D :                     HEX2BIN:
     334/     23D : C5                  	PUSH BC
     335/     23E : 7E                  	LD A,(HL)
     336/     23F : CD 57 02            	CALL _ATOBIN
     337/     242 : 38 11               	JR C,_HEX2BIN_EXIT
     338/     244 : CB 27               	SLA A
     339/     246 : CB 27               	SLA A
     340/     248 : CB 27               	SLA A
     341/     24A : CB 27               	SLA A
     342/     24C : 47                  	LD B,A
     343/     24D : 23                  	INC HL
     344/     24E : 7E                  	LD A,(HL)
     345/     24F : CD 57 02            	CALL _ATOBIN
     346/     252 : 38 01               	JR C,_HEX2BIN_EXIT
     347/     254 : 80                  	ADD A,B
     348/     255 :                     _HEX2BIN_EXIT:
     349/     255 : C1                  	POP BC
     350/     256 : C9                  	RET
     351/     257 :                     ;
     352/     257 :                     _ATOBIN:
     353/     257 : FE 30               	CP '0'
     354/     259 : D8                  	RET C
     355/     25A : FE 3A               	CP '9'+1
     356/     25C : 38 09               	JR C,_ATOBIN1
     357/     25E : FE 41               	CP 'A'
     358/     260 : D8                  	RET C
     359/     261 : FE 47               	CP 'F'+1
     360/     263 : 3F                  	CCF
 AS V1.42 Beta [Bld 137] - source file Z80mon.asm - page 7 - 2019/05/01 13時18分37秒


     361/     264 : D8                  	RET C
     362/     265 : C6 09               	ADD A,09H
     363/     267 :                     _ATOBIN1:
     364/     267 : E6 0F               	AND 0Fh
     365/     269 : C9                  	RET
     366/     26A :                     ;
     367/     26A :                     
     368/     26A :                     ;--------------------------------------------------------------------------------
     369/     26A :                     ; 4バイト16進数文字列→バイナリ(HL)へ
     370/     26A :                     ;--------------------------------------------------------------------------------
     371/     26A :                     HEX4BIN:
     372/     26A : CD 3D 02            	CALL HEX2BIN
     373/     26D : D8                  	RET C
     374/     26E : 57                  	LD D,A
     375/     26F : 23                  	INC HL
     376/     270 : CD 3D 02            	CALL HEX2BIN
     377/     273 : D8                  	RET C
     378/     274 : 5F                  	LD E,A
     379/     275 : D5                  	PUSH DE
     380/     276 : E1                  	POP HL
     381/     277 : C9                  	RET
     382/     278 :                     ;
     383/     278 :                     ;================================================================================
     384/     278 :                     ; メモリーダンプ
     385/     278 :                     ;================================================================================
     386/     278 :                     MEM_DUMP:
     387/     278 : CD BB 01                CALL SPC_PRINT
     388/     27B :                     ;
     389/     27B : CD 48 01                CALL STRIN
     390/     27E : CD FB 01            	CALL PARSER
     391/     281 : 38 41               	JR C,_PARAM_ERR
     392/     283 :                     ; 入力パラメータ数チェック
     393/     283 : 3A 81 80            	LD A,(ARGC)
     394/     286 : FE 02               	CP 2
     395/     288 : 20 3A               	JR NZ,_PARAM_ERR
     396/     28A :                     ; 開始アドレス取得
     397/     28A : 2A 82 80            	LD HL,(ARGV_1)
     398/     28D : CD 6A 02            	CALL HEX4BIN
     399/     290 : 38 32               	JR C,_PARAM_ERR
     400/     292 : E5                  	PUSH HL
     401/     293 : DD E1               	POP IX
     402/     295 :                     ; 終了アドレス取得
     403/     295 : 2A 84 80            	LD HL,(ARGV_2)
     404/     298 : CD 6A 02            	CALL HEX4BIN
     405/     29B : 38 27               	JR C,_PARAM_ERR
     406/     29D : E5                  	PUSH HL
     407/     29E : D1                  	POP DE
     408/     29F : DD E5               	PUSH IX
     409/     2A1 : E1                  	POP HL
     410/     2A2 :                     ; ダンプ実施
     411/     2A2 :                     _DUMP_LOOP:
     412/     2A2 : DF                  	RST 18h
     413/     2A3 : 28 05               	JR Z,_DUMP_GO
     414/     2A5 : D7                  	RST 10h
     415/     2A6 : FE 1B               	CP ESC
     416/     2A8 : 28 20               	JR Z,_ABORT_DUMP
     417/     2AA :                     _DUMP_GO:
     418/     2AA : E5                  	PUSH HL
     419/     2AB : CD FB 02            	CALL DUMP16
     420/     2AE : E1                  	POP HL
 AS V1.42 Beta [Bld 137] - source file Z80mon.asm - page 8 - 2019/05/01 13時18分37秒


     421/     2AF : CD D0 02            	CALL ASC16
     422/     2B2 : CD B4 01            	CALL CRLF_PRINT
     423/     2B5 :                     ; 終了判定
     424/     2B5 : 7A                  	LD A,D
     425/     2B6 : BC                  	CP H
     426/     2B7 : F8                  	RET M   ; メインループへ
     427/     2B8 : 7B                  	LD A,E
     428/     2B9 : BD                  	CP L
     429/     2BA : FA BF 02            	JP M,_DUMP_END_CHECK
     430/     2BD : 18 E3               	JR _DUMP_LOOP
     431/     2BF :                     ;
     432/     2BF :                     _DUMP_END_CHECK:
     433/     2BF : 7A                  	LD A,D
     434/     2C0 : BC                  	CP H
     435/     2C1 : 20 DF               	JR NZ,_DUMP_LOOP
     436/     2C3 : C9                  	RET
     437/     2C4 :                     ;
     438/     2C4 :                     _PARAM_ERR:
     439/     2C4 : 21 DE 05            	LD HL,PARAM_ERRMSG
     440/     2C7 : C3 E6 01            	JP _PRINT_END
     441/     2CA :                     ;
     442/     2CA :                     _ABORT_DUMP:
     443/     2CA : 21 F1 05            	LD HL,ABORT_MSG
     444/     2CD : C3 E6 01            	JP _PRINT_END
     445/     2D0 :                     ;--------------------------------------------------------------------------------
     446/     2D0 :                     ; 16バイト分 ASCII出力
     447/     2D0 :                     ;--------------------------------------------------------------------------------
     448/     2D0 :                     ASC16:
     449/     2D0 : CD BB 01            	CALL SPC_PRINT
     450/     2D3 : 3E 3A               	LD A,':'
     451/     2D5 : CF                  	RST 08h
     452/     2D6 : CD BB 01            	CALL SPC_PRINT
     453/     2D9 : 0E 10               	LD C,10h
     454/     2DB :                     ;
     455/     2DB :                     _ASC16_LOOP:
     456/     2DB : 7E                  	LD A,(HL)
     457/     2DC : FE 20               	CP ' '
     458/     2DE : FA E6 02            	JP M,_ASC16_DOT
     459/     2E1 : FE 7F               	CP 7Fh
     460/     2E3 : FA E8 02            	JP M,_ASC16_PRINT
     461/     2E6 :                     _ASC16_DOT:
     462/     2E6 : 3E 2E               	LD A,'.'
     463/     2E8 :                     _ASC16_PRINT:
     464/     2E8 : CF                  	RST 08h	
     465/     2E9 : 23                  	INC HL
     466/     2EA : 0D                  	DEC C
     467/     2EB : C8                  	RET Z
     468/     2EC : 18 ED               	JR _ASC16_LOOP
     469/     2EE :                     
     470/     2EE :                     ;--------------------------------------------------------------------------------
     471/     2EE :                     ; アドレス部分出力
     472/     2EE :                     ;--------------------------------------------------------------------------------
     473/     2EE :                     ADDR_OUT:
     474/     2EE : CD F0 01            	CALL HEX4OUT
     475/     2F1 : CD BB 01            	CALL SPC_PRINT
     476/     2F4 : 3E 3A               	LD A,':'
     477/     2F6 : CF                  	RST 08h
     478/     2F7 : CD BB 01            	CALL SPC_PRINT
     479/     2FA : C9                  	RET
     480/     2FB :                     
 AS V1.42 Beta [Bld 137] - source file Z80mon.asm - page 9 - 2019/05/01 13時18分37秒


     481/     2FB :                     ;--------------------------------------------------------------------------------
     482/     2FB :                     ; 16バイト分 HEXダンプ出力
     483/     2FB :                     ;--------------------------------------------------------------------------------
     484/     2FB :                     DUMP16:
     485/     2FB : CD EE 02            	CALL ADDR_OUT
     486/     2FE : 0E 10               	LD C,10h
     487/     300 :                     _DUMP16_LOOP:
     488/     300 : CD 0B 03            	CALL DUMP_AT
     489/     303 : CD BB 01            	CALL SPC_PRINT
     490/     306 : 23                  	INC HL
     491/     307 : 0D                  	DEC C
     492/     308 : C8                  	RET Z
     493/     309 : 18 F5               	JR _DUMP16_LOOP
     494/     30B :                     
     495/     30B :                     ;--------------------------------------------------------------------------------
     496/     30B :                     ; 1バイト分 HEXダンプ出力
     497/     30B :                     ;--------------------------------------------------------------------------------
     498/     30B :                     DUMP_AT:
     499/     30B : 7E                  	LD A,(HL)
     500/     30C : CD BF 01            	CALL HEX2OUT
     501/     30F : C9                  	RET
     502/     310 :                     
     503/     310 :                     ;--------------------------------------------------------------------------------
     504/     310 :                     ; strlen
     505/     310 :                     ;--------------------------------------------------------------------------------
     506/     310 :                     STR_LEN:
     507/     310 : E5                  	PUSH HL
     508/     311 : C5                  	PUSH BC
     509/     312 : 0E 00               	LD C,0
     510/     314 :                     _STR_LEN_LOOP:
     511/     314 : 7E                  	LD A,(HL)
     512/     315 : FE 00               	CP NULL
     513/     317 : 28 04               	JR Z,_STR_LEN_EXIT
     514/     319 : 23                  	INC HL
     515/     31A : 0C                  	INC C
     516/     31B : 18 F7               	JR _STR_LEN_LOOP
     517/     31D :                     ;
     518/     31D :                     _STR_LEN_EXIT:
     519/     31D : 79                  	LD A,C
     520/     31E : C1                  	POP BC
     521/     31F : E1                  	POP HL
     522/     320 : C9                  	RET
     523/     321 :                     ;
     524/     321 :                     ;================================================================================
     525/     321 :                     ; メモリー変更コマンド
     526/     321 :                     ;================================================================================
     527/     321 :                     MEM_CHANGE:
     528/     321 : CD BB 01                CALL SPC_PRINT
     529/     324 :                     ;
     530/     324 : CD 48 01                CALL STRIN
     531/     327 : CD FB 01            	CALL PARSER
     532/     32A :                     ;
     533/     32A :                     ; 入力パラメータ数チェック
     534/     32A : 3A 81 80            	LD A,(ARGC)
     535/     32D : FE 01               	CP 1
     536/     32F : 20 93               	JR NZ,_PARAM_ERR
     537/     331 :                     ;
     538/     331 :                     ; 開始アドレス取得
     539/     331 : 2A 82 80            	LD HL,(ARGV_1)
     540/     334 : CD 6A 02            	CALL HEX4BIN
 AS V1.42 Beta [Bld 137] - source file Z80mon.asm - page 10 - 2019/05/01 13時18分37秒


     541/     337 : 38 8B               	JR C,_PARAM_ERR
     542/     339 : E5                  	PUSH HL
     543/     33A : DD E1               	POP IX
     544/     33C :                     ;
     545/     33C : CD B4 01            	CALL CRLF_PRINT
     546/     33F :                     _MEM_CHANGE_LOOP:
     547/     33F : DD E5               	PUSH IX
     548/     341 : E1                  	POP HL
     549/     342 : CD EE 02            	CALL ADDR_OUT
     550/     345 : DD 7E 00            	LD A,(IX+0)
     551/     348 : CD BF 01            	CALL HEX2OUT
     552/     34B : 3E 2D               	LD A,'-'
     553/     34D : CD AE 01            	CALL CPRINT
     554/     350 : DD E5               	PUSH IX
     555/     352 :                     ;
     556/     352 : CD 48 01                CALL STRIN
     557/     355 : DA 91 03            	JP C,_MEM_CHANGE_EXIT
     558/     358 : CD FB 01            	CALL PARSER
     559/     35B :                     ; 入力パラメータ数/レングスチェック
     560/     35B : 3A 81 80            	LD A,(ARGC)
     561/     35E : FE 00               	CP 0
     562/     360 : 28 1F               	JR Z,_NEXT_ADDR
     563/     362 : FE 01               	CP 1
     564/     364 : 20 21               	JR NZ,_HATENA_OUT
     565/     366 : 2A 82 80            	LD HL,(ARGV_1)
     566/     369 : CD 10 03            	CALL STR_LEN
     567/     36C : FE 02               	CP 2
     568/     36E : 20 17               	JR NZ,_HATENA_OUT
     569/     370 : 2A 82 80            	LD HL,(ARGV_1)
     570/     373 : CD 3D 02            	CALL HEX2BIN
     571/     376 : 38 0F               	JR C,_HATENA_OUT
     572/     378 : DD E1               	POP IX
     573/     37A : DD 77 00            	LD (IX+0),A
     574/     37D : DD 23               	INC IX
     575/     37F : 18 BE               	JR _MEM_CHANGE_LOOP
     576/     381 :                     ;
     577/     381 :                     _NEXT_ADDR:
     578/     381 : DD E1               	POP IX
     579/     383 : DD 23               	INC IX
     580/     385 : 18 B8               	JR _MEM_CHANGE_LOOP
     581/     387 :                     ;
     582/     387 :                     _HATENA_OUT:
     583/     387 : 21 1F 06            	LD HL,HATENA_MSG
     584/     38A : CD A5 01            	CALL STRPR
     585/     38D : DD E1               	POP IX
     586/     38F : 18 AE               	JR _MEM_CHANGE_LOOP
     587/     391 :                     ;
     588/     391 :                     _MEM_CHANGE_EXIT:
     589/     391 : DD E1               	POP IX
     590/     393 : CD B4 01            	CALL CRLF_PRINT
     591/     396 : C9                  	RET ;ESCキーでメイン処理へ
     592/     397 :                     
     593/     397 :                     ;
     594/     397 :                     ;================================================================================
     595/     397 :                     ; プログラム実行(G)コマンド
     596/     397 :                     ;================================================================================
     597/     397 :                     PGM_GO:
     598/     397 : CD BB 01                CALL SPC_PRINT
     599/     39A :                     ;
     600/     39A : CD 48 01                CALL STRIN
 AS V1.42 Beta [Bld 137] - source file Z80mon.asm - page 11 - 2019/05/01 13時18分37秒


     601/     39D : CD FB 01            	CALL PARSER
     602/     3A0 :                     ;
     603/     3A0 :                     ; 入力パラメータ数チェック
     604/     3A0 : 3A 81 80            	LD A,(ARGC)
     605/     3A3 : FE 01               	CP 1
     606/     3A5 : C2 C4 02            	JP NZ,_PARAM_ERR
     607/     3A8 :                     ;
     608/     3A8 :                     _PGM_EXEC:
     609/     3A8 :                     ;
     610/     3A8 :                     ; 実行アドレス取得
     611/     3A8 :                     ;
     612/     3A8 : 2A 82 80            	LD HL,(ARGV_1)
     613/     3AB : CD 10 03            	CALL STR_LEN
     614/     3AE : FE 04               	CP 4
     615/     3B0 : C2 C4 02            	JP NZ,_PARAM_ERR
     616/     3B3 :                     ;
     617/     3B3 : 2A 82 80            	LD HL,(ARGV_1)
     618/     3B6 : CD 6A 02            	CALL HEX4BIN
     619/     3B9 : DA C4 02            	JP C,_PARAM_ERR
     620/     3BC : E9                  	JP (HL)
     621/     3BD :                     ;
     622/     3BD :                     
     623/     3BD :                     ;
     624/     3BD :                     ;================================================================================
     625/     3BD :                     ; プログラム実行(Z)コマンド
     626/     3BD :                     ;================================================================================
     627/     3BD :                     ;
     628/     3BD :                     PGM_GO_PARAM:
     629/     3BD : CD BB 01                CALL SPC_PRINT
     630/     3C0 :                     ;
     631/     3C0 : CD 48 01                CALL STRIN
     632/     3C3 : CD FB 01            	CALL PARSER
     633/     3C6 :                     ;
     634/     3C6 :                     ; 入力パラメータ数チェック
     635/     3C6 : 3A 81 80            	LD A,(ARGC)
     636/     3C9 : FE 04               	CP 4
     637/     3CB : F2 C4 02            	JP P,_PARAM_ERR
     638/     3CE : C3 A8 03            	JP _PGM_EXEC
     639/     3D1 :                     ;
     640/     3D1 :                     ;================================================================================
     641/     3D1 :                     ; I/O入力コマンド
     642/     3D1 :                     ;================================================================================
     643/     3D1 :                     IO_IN:
     644/     3D1 : CD BB 01                CALL SPC_PRINT
     645/     3D4 :                     ;
     646/     3D4 : CD 48 01                CALL STRIN
     647/     3D7 : CD FB 01            	CALL PARSER
     648/     3DA :                     ;
     649/     3DA :                     ; 入力パラメータ数チェック
     650/     3DA : 3A 81 80            	LD A,(ARGC)
     651/     3DD : FE 01               	CP 1
     652/     3DF : C2 C4 02            	JP NZ,_PARAM_ERR
     653/     3E2 :                     ;
     654/     3E2 :                     ; I/Oアドレス取得
     655/     3E2 : 2A 82 80            	LD HL,(ARGV_1)
     656/     3E5 : CD 10 03            	CALL STR_LEN
     657/     3E8 : FE 02               	CP 2
     658/     3EA : C2 C4 02            	JP NZ,_PARAM_ERR
     659/     3ED :                     ;
     660/     3ED : 2A 82 80            	LD HL,(ARGV_1)
 AS V1.42 Beta [Bld 137] - source file Z80mon.asm - page 12 - 2019/05/01 13時18分37秒


     661/     3F0 : CD 3D 02            	CALL HEX2BIN
     662/     3F3 : DA C4 02            	JP C,_PARAM_ERR
     663/     3F6 : 4F                  	LD C,A
     664/     3F7 : ED 78               	IN A,(C)
     665/     3F9 :                     ;
     666/     3F9 : CD BF 01            	CALL HEX2OUT
     667/     3FC : CD B4 01            	CALL CRLF_PRINT
     668/     3FF : C9                  	RET
     669/     400 :                     ;
     670/     400 :                     ;================================================================================
     671/     400 :                     ; I/O出力コマンド
     672/     400 :                     ;================================================================================
     673/     400 :                     IO_OUT:
     674/     400 : CD BB 01                CALL SPC_PRINT
     675/     403 :                     ;
     676/     403 : CD 48 01                CALL STRIN
     677/     406 : CD FB 01            	CALL PARSER
     678/     409 :                     ;
     679/     409 :                     ; 入力パラメータ数チェック
     680/     409 : 3A 81 80            	LD A,(ARGC)
     681/     40C : FE 02               	CP 2
     682/     40E : C2 C4 02            	JP NZ,_PARAM_ERR
     683/     411 :                     ;
     684/     411 :                     ; I/Oアドレス取得
     685/     411 : 2A 82 80            	LD HL,(ARGV_1)
     686/     414 : CD 10 03            	CALL STR_LEN
     687/     417 : FE 02               	CP 2
     688/     419 : C2 C4 02            	JP NZ,_PARAM_ERR
     689/     41C :                     ;
     690/     41C : 2A 82 80            	LD HL,(ARGV_1)
     691/     41F : CD 3D 02            	CALL HEX2BIN
     692/     422 : DA C4 02            	JP C,_PARAM_ERR
     693/     425 : 4F                  	LD C,A
     694/     426 :                     ;
     695/     426 :                     ; 出力データ取得
     696/     426 : 2A 84 80            	LD HL,(ARGV_2)
     697/     429 : CD 10 03            	CALL STR_LEN
     698/     42C : FE 02               	CP 2
     699/     42E : C2 C4 02            	JP NZ,_PARAM_ERR
     700/     431 :                     ;
     701/     431 : 2A 84 80            	LD HL,(ARGV_2)
     702/     434 : CD 3D 02            	CALL HEX2BIN
     703/     437 : DA C4 02            	JP C,_PARAM_ERR
     704/     43A :                     ;
     705/     43A : ED 79               	OUT (C),A
     706/     43C :                     ;
     707/     43C : CD B4 01            	CALL CRLF_PRINT
     708/     43F : C9                  	RET
     709/     440 :                     ;================================================================================
     710/     440 :                     ; インテルHEXロードコマンド
     711/     440 :                     ;================================================================================
     712/     440 :                     LOAD:
     713/     440 : CD B4 01            	CALL CRLF_PRINT
     714/     443 :                     ;
     715/     443 :                     _LOAD_START:
     716/     443 : D7                  	RST 10h
     717/     444 : FE 1B               	CP ESC
     718/     446 : 28 48               	JR Z,_LOAD_EXIT
     719/     448 : FE 3A               	CP ':'
     720/     44A : 20 F7               	JR NZ,_LOAD_START
 AS V1.42 Beta [Bld 137] - source file Z80mon.asm - page 13 - 2019/05/01 13時18分37秒


     721/     44C : CF                  	RST 08h
     722/     44D :                     ;
     723/     44D :                     ; LENGTH GET
     724/     44D : 06 00               	LD B,0
     725/     44F : CD 48 01                CALL STRIN
     726/     452 :                     ;
     727/     452 : 21 44 80            	LD HL,INBUF
     728/     455 : CD 3D 02            	CALL HEX2BIN
     729/     458 : 4F                  	LD C,A
     730/     459 : 47                  	LD B,A
     731/     45A :                     ;
     732/     45A :                     ; ADDR GET
     733/     45A : 21 46 80            	LD HL,INBUF+2
     734/     45D : CD 6A 02            	CALL HEX4BIN
     735/     460 : E5                  	PUSH HL
     736/     461 : DD E1               	POP IX
     737/     463 : 78                  	LD A,B
     738/     464 : 84                  	ADD A,H
     739/     465 : 85                  	ADD A,L
     740/     466 : 47                  	LD B,A
     741/     467 :                     ;
     742/     467 :                     ; GET RECORD TYPE
     743/     467 : 21 4A 80            	LD HL,INBUF+6
     744/     46A : CD 3D 02            	CALL HEX2BIN
     745/     46D : B7                  	OR A
     746/     46E : 20 20               	JR NZ,_LOAD_EXIT
     747/     470 :                     ;
     748/     470 :                     _MEM_LOAD_START:
     749/     470 : 21 4C 80            	LD HL,INBUF+8
     750/     473 :                     _MEM_LOAD:
     751/     473 : CD 3D 02            	CALL HEX2BIN
     752/     476 : DD 77 00            	LD (IX+0),A
     753/     479 : 80                  	ADD A,B
     754/     47A : 47                  	LD B,A
     755/     47B : 23                  	INC HL
     756/     47C : DD 23               	INC IX
     757/     47E : 0D                  	DEC C
     758/     47F : 20 F2               	JR NZ,_MEM_LOAD
     759/     481 :                     ;
     760/     481 : CD 3D 02            	CALL HEX2BIN
     761/     484 : 80                  	ADD A,B
     762/     485 : B7                  	OR A
     763/     486 : 20 02               	JR NZ,_CHECKSUM_ERROR
     764/     488 : 18 B9               	JR _LOAD_START
     765/     48A :                     ;
     766/     48A :                     _CHECKSUM_ERROR:
     767/     48A : 21 0B 06            	LD HL,CHECKSUM_ERRMSG
     768/     48D : C3 E6 01            	JP _PRINT_END
     769/     490 :                     ;
     770/     490 :                     _LOAD_EXIT:
     771/     490 : C9                  	RET
     772/     491 :                     ;
     773/     491 :                     ;--------------------------------------------------------------------------------
     774/     491 :                     ; コマンドテーブル
     775/     491 :                     ;--------------------------------------------------------------------------------
     776/     491 :                     CMD_TBL:
     777/     491 : 48                      DB 'H'
     778/     492 : DC 01                   DW HELP_OUT
     779/     494 : 3F                      DB '?'
     780/     495 : DC 01                   DW HELP_OUT
 AS V1.42 Beta [Bld 137] - source file Z80mon.asm - page 14 - 2019/05/01 13時18分37秒


     781/     497 : 56                      DB 'V'
     782/     498 : E1 01                   DW VERSION_OUT
     783/     49A : 44                      DB 'D'
     784/     49B : 78 02                   DW MEM_DUMP
     785/     49D : 4D                      DB 'M'
     786/     49E : 21 03                   DW MEM_CHANGE
     787/     4A0 : 47                      DB 'G'
     788/     4A1 : 97 03                   DW PGM_GO
     789/     4A3 : 5A                      DB 'Z'
     790/     4A4 : BD 03                   DW PGM_GO_PARAM
     791/     4A6 : 49                      DB 'I'
     792/     4A7 : D1 03                   DW IO_IN
     793/     4A9 : 4F                      DB 'O'
     794/     4AA : 00 04                   DW IO_OUT
     795/     4AC : 4C                      DB 'L'
     796/     4AD : 40 04                   DW LOAD
     797/     4AF :                     ; TABLE END
     798/     4AF : 00                      DB 00h
     799/     4B0 :                     ;
     800/     4B0 :                     ;--------------------------------------------------------------------------------
     801/     4B0 :                     ; メッセージなど
     802/     4B0 :                     ;--------------------------------------------------------------------------------
     803/     4B0 : =KUNI-NET Z8..      VERNAME EQU "KUNI-NET Z80 MONITOR v0.5"
     804/     4B0 : 4B 55 4E 49 2D 4E   VERMSG  DB VERNAME,CR,0
                    45 54 20 5A 38 30 
                    20 4D 4F 4E 49 54 
                    4F 52 20 76 30 2E 
                    35 0D 00 
     805/     4CB : 0D 0D 2A 2A 20 4B   OPENMSG DB CR,CR,"** ",VERNAME," **",CR,0
                    55 4E 49 2D 4E 45 
                    54 20 5A 38 30 20 
                    4D 4F 4E 49 54 4F 
                    52 20 76 30 2E 35 
                    20 2A 2A 0D 00 
     806/     4EE : 08 20 08 00         BSTXT	DB BS,SPC,BS,0
     807/     4F2 : 2D 20 2D 20 2D 20   HELP_MSG DB "- - - COMMAND HELP - - -",CR
                    43 4F 4D 4D 41 4E 
                    44 20 48 45 4C 50 
                    20 2D 20 2D 20 2D 
                    0D 
     808/     50B : 4D 20 58 58 58 58            DB "M XXXX ",TAB,TAB,"MEMORY EDIT",CR
                    20 09 09 4D 45 4D 
                    4F 52 59 20 45 44 
                    49 54 0D 
     809/     520 : 44 20 58 58 58 58            DB "D XXXX XXXX ",TAB,"MEMORY DUMP",CR
                    20 58 58 58 58 20 
                    09 4D 45 4D 4F 52 
                    59 20 44 55 4D 50 
                    0D 
     810/     539 : 47 20 58 58 58 58            DB "G XXXX",TAB,TAB,"PROGRAM EXECUTE",CR
                    09 09 50 52 4F 47 
                    52 41 4D 20 45 58 
                    45 43 55 54 45 0D 
     811/     551 : 5A 20 58 58 58 58            DB "Z XXXX PARAM1 PARAM2",TAB,"PROGRAM EXECUTE w/PARAM",CR
                    20 50 41 52 41 4D 
                    31 20 50 41 52 41 
                    4D 32 09 50 52 4F 
                    47 52 41 4D 20 45 
                    58 45 43 55 54 45 
                    20 77 2F 50 41 52 
 AS V1.42 Beta [Bld 137] - source file Z80mon.asm - page 15 - 2019/05/01 13時18分37秒


                    41 4D 0D 
     812/     57E : 49 20 58 58 09 09            DB "I XX",TAB,TAB,"I/O INPUT",CR
                    49 2F 4F 20 49 4E 
                    50 55 54 0D 
     813/     58E : 4F 20 58 58 20 58            DB "O XX XX",TAB,TAB,"I/O OUTPUT",CR
                    58 09 09 49 2F 4F 
                    20 4F 55 54 50 55 
                    54 0D 
     814/     5A2 : 4C 20 09 09 49 4E            DB "L ",TAB,TAB,"INTEL HEX LOAD",CR
                    54 45 4C 20 48 45 
                    58 20 4C 4F 41 44 
                    0D 
     815/     5B5 : 48 20 09 09 48 45            DB "H ",TAB,TAB,"HELP MESSGAE",CR
                    4C 50 20 4D 45 53 
                    53 47 41 45 0D 
     816/     5C6 : 56 20 09 09 56 45            DB "V ",TAB,TAB,"VERSION INFOMATION",CR,0
                    52 53 49 4F 4E 20 
                    49 4E 46 4F 4D 41 
                    54 49 4F 4E 0D 00 
     817/     5DE : 07 2A 2A 20 50 41   PARAM_ERRMSG DB BEEP,"** PARAMETER ERR",CR,0
                    52 41 4D 45 54 45 
                    52 20 45 52 52 0D 
                    00 
     818/     5F1 : 07 2A 2A 20 4D 45   ABORT_MSG DB BEEP,"** MEM DUMP ABORTED END",CR,0
                    4D 20 44 55 4D 50 
                    20 41 42 4F 52 54 
                    45 44 20 45 4E 44 
                    0D 00 
     819/     60B : 07 2A 2A 20 43 48   CHECKSUM_ERRMSG DB BEEP,"** CHECKSUM ERROR",CR,0
                    45 43 4B 53 55 4D 
                    20 45 52 52 4F 52 
                    0D 00 
     820/     61F : 0D 3F 0D 00         HATENA_MSG DB CR,"?",CR,0
     821/     623 :                     
     822/     623 :                     ;
     823/     623 :                     ;
     824/     623 :                     ;------------------------------------------------------------------------------
     825/     623 :                     ; デバイス依存ルーチン (deviceディレクトリに配置)
     826/     623 :                     ;------------------------------------------------------------------------------
     827/     623 : =>UNDEFINED         	IFDEF MC6850
     828/     623 :                     	  include "device/KZ80_6850.asm"
     829/     623 : [827]               	ENDIF
     830/     623 :                     
     831/     623 : =>DEFINED           	IFDEF SBC8080SUB
     832/     623 :                     	  include "device/SBC8080SUB.asm" 
(1)    1/     623 :                     ;
(1)    2/     623 :                     ; SBC8080 SUBボード用 モジュール
(1)    3/     623 :                     ;
(1)    4/     623 :                     ;--------------------------------------------------------
(1)    5/     623 :                     ; 以下のルーチンはSBC8080データパックのASMソースを参考にさせていただきました。
(1)    6/     623 :                     ;  SERINT 	8251シリアル割り込みルーチン
(1)    7/     623 :                     ;  CIN		シリアル1文字入力ルーチン
(1)    8/     623 :                     ;  COUT		シリアル1文字出力ルーチン
(1)    9/     623 :                     ;  CKINCHAR	シリアルバッファチェックルーチン
(1)   10/     623 :                     
(1)   11/     623 : =0H                 UARTRD	EQU	00H
(1)   12/     623 : =1H                 UARTRC	EQU	01H
(1)   13/     623 :                     ;
(1)   14/     623 : =3FH                BUFSIZ	EQU	3FH
(1)   15/     623 : =30H                BUFFUL	EQU	30H
 AS V1.42 Beta [Bld 137] - source file Z80mon.asm(SBC8080SUB.asm) - page 16 - 2019/05/01 13時18分37秒


(1)   16/     623 : =5H                 BUFEMP	EQU	5
(1)   17/     623 :                     ;
(1)   18/     623 : =17H                RTSHIG	EQU	00010111B
(1)   19/     623 : =37H                RTSLOW	EQU	00110111B
(1)   20/     623 :                     
(1)   21/     623 :                     ;------------------------------------------------------------------------------
(1)   22/     623 :                     ; 8251割り込みルーチン
(1)   23/     623 :                     ;------------------------------------------------------------------------------
(1)   24/     623 : F5                  SERINT:	PUSH	AF
(1)   25/     624 : E5                  	PUSH	HL
(1)   26/     625 : DB 01               	IN	A,(UARTRC)
(1)   27/     627 : E6 02               	AND	00000010B
(1)   28/     629 : CA 5D 06            	JP	Z,RTS0
(1)   29/     62C : DB 00               	IN	A,(UARTRD)
(1)   30/     62E : F5                  	PUSH	AF
(1)   31/     62F : 3A 43 80            	LD	A,(SERCNT)
(1)   32/     632 : FE 3F               	CP	BUFSIZ
(1)   33/     634 : C2 3B 06            	JP	NZ,NOTFUL
(1)   34/     637 : F1                  	POP	AF
(1)   35/     638 : C3 5D 06            	JP	RTS0
(1)   36/     63B : 2A 3F 80            NOTFUL:	LD	HL,(SERINP)
(1)   37/     63E : 23                  	INC	HL
(1)   38/     63F : 7D                  	LD	A,L
(1)   39/     640 : FE 3F               	CP	SERINP & 0FFH
(1)   40/     642 : C2 48 06            	JP	NZ,NOTWRP
(1)   41/     645 : 21 00 80            	LD	HL,SERBUF
(1)   42/     648 : 22 3F 80            NOTWRP:	LD	(SERINP),HL
(1)   43/     64B : F1                  	POP	AF
(1)   44/     64C : 77                  	LD	(HL),A
(1)   45/     64D : 3A 43 80            	LD	A,(SERCNT)
(1)   46/     650 : 3C                  	INC	A
(1)   47/     651 : 32 43 80            	LD	(SERCNT),A
(1)   48/     654 : FE 30               	CP	BUFFUL
(1)   49/     656 : DA 5D 06            	JP	C,RTS0
(1)   50/     659 : 3E 17               	LD	A,RTSHIG
(1)   51/     65B : D3 01               	OUT	(UARTRC),A
(1)   52/     65D : E1                  RTS0:	POP	HL
(1)   53/     65E : F1                  	POP	AF
(1)   54/     65F : FB                  	EI
(1)   55/     660 : C9                  	RET
(1)   56/     661 :                     
(1)   57/     661 :                     ;------------------------------------------------------------------------------
(1)   58/     661 :                     ; 1文字入力(バッファから)
(1)   59/     661 :                     ;------------------------------------------------------------------------------
(1)   60/     661 :                     CIN:
(1)   61/     661 : 3A 43 80            	LD	A,(SERCNT)
(1)   62/     664 : FE 00               	CP	00H
(1)   63/     666 : CA 61 06            	JP	Z,CIN
(1)   64/     669 : E5                  	PUSH	HL
(1)   65/     66A : 2A 41 80            	LD	HL,(SERRDP)
(1)   66/     66D : 23                  	INC	HL
(1)   67/     66E : 7D                  	LD	A,L
(1)   68/     66F : FE 3F               	CP	SERINP & 0FFH
(1)   69/     671 : C2 77 06            	JP	NZ,NRWRAP
(1)   70/     674 : 21 00 80            	LD	HL,SERBUF
(1)   71/     677 : F3                  NRWRAP:	DI
(1)   72/     678 : 22 41 80            	LD	(SERRDP),HL
(1)   73/     67B : 3A 43 80            	LD	A,(SERCNT)
(1)   74/     67E : 3D                  	DEC	A
(1)   75/     67F : 32 43 80            	LD	(SERCNT),A
 AS V1.42 Beta [Bld 137] - source file Z80mon.asm(SBC8080SUB.asm) - page 17 - 2019/05/01 13時18分37秒


(1)   76/     682 : FE 05               	CP	BUFEMP
(1)   77/     684 : D2 8B 06            	JP	NC,RTS1
(1)   78/     687 : 3E 37               	LD	A,RTSLOW
(1)   79/     689 : D3 01               	OUT	(UARTRC),A
(1)   80/     68B : 7E                  RTS1:	LD	A,(HL)
(1)   81/     68C : FB                  	EI
(1)   82/     68D : E1                  	POP	HL
(1)   83/     68E : C9                  	RET	
(1)   84/     68F :                     
(1)   85/     68F :                     ;------------------------------------------------------------------------------
(1)   86/     68F :                     ; 1文字出力
(1)   87/     68F :                     ;------------------------------------------------------------------------------
(1)   88/     68F : F5                  COUT:		PUSH	AF
(1)   89/     690 : DB 01               COUT1:	IN	A,(UARTRC)
(1)   90/     692 : E6 01               	AND	01H     
(1)   91/     694 : CA 90 06            	JP	Z,COUT1
(1)   92/     697 : F1                  	POP	AF
(1)   93/     698 : D3 00               	OUT	(UARTRD),A
(1)   94/     69A : C9                  	RET
(1)   95/     69B :                     
(1)   96/     69B :                     ;------------------------------------------------------------------------------
(1)   97/     69B :                     ; 入力バッファチェック
(1)   98/     69B :                     ;------------------------------------------------------------------------------
(1)   99/     69B : 3A 43 80            CKINCHAR	LD	A,(SERCNT)
(1)  100/     69E : FE 00               	CP	00H
(1)  101/     6A0 : C9                  	RET
(1)  102/     6A1 :                     
(1)  103/     6A1 :                     ;------------------------------------------------------------------------------
(1)  104/     6A1 :                     ; 初期化
(1)  105/     6A1 :                     ;------------------------------------------------------------------------------
(1)  106/     6A1 :                     INIT:		
(1)  107/     6A1 : 31 A8 80                LD  SP,STACK
(1)  108/     6A4 : 21 00 80            	LD	HL,SERBUF
(1)  109/     6A7 : 22 3F 80            	LD	(SERINP),HL
(1)  110/     6AA : 22 41 80            	LD	(SERRDP),HL
(1)  111/     6AD : AF                  	XOR	A
(1)  112/     6AE : 32 43 80            	LD	(SERCNT),A
(1)  113/     6B1 : D3 01               	OUT	(UARTRC),A
(1)  114/     6B3 : D3 01               	OUT	(UARTRC),A
(1)  115/     6B5 : D3 01               	OUT	(UARTRC),A
(1)  116/     6B7 : 3E 40               	LD	A,01000000B
(1)  117/     6B9 : D3 01               	OUT	(UARTRC),A
(1)  118/     6BB : 3E 4E               	LD	A,01001110B
(1)  119/     6BD : D3 01               	OUT	(UARTRC),A
(1)  120/     6BF : 3E 37               	LD	A,RTSLOW
(1)  121/     6C1 : D3 01               	OUT	(UARTRC),A
(1)  122/     6C3 : FB                  	EI
(1)  123/     6C4 :                     ;
(1)  124/     6C4 : C3 00 01                JP MAIN
(1)  125/     6C7 :                     
(1)  126/     6C7 :                     ;
(1)  127/     6C7 :                     ; RAM 8000h〜
(1)  128/     6C7 :                     ;
(1)  129/    8000 :                         ORG 8000h
(1)  130/    8000 :                     ;
(1)  131/    8000 :                     SERBUF	DS	BUFSIZ
(1)  132/    803F :                     SERINP	DS	2
(1)  133/    8041 :                     SERRDP	DS	2
(1)  134/    8043 :                     SERCNT	DS	1
(1)  135/    8044 :                     ;
 AS V1.42 Beta [Bld 137] - source file Z80mon.asm(SBC8080SUB.asm) - page 18 - 2019/05/01 13時18分37秒


(1)  136/    8044 : =8044H              DEVICE_RAM_END EQU $
(1)  137/    8044 :                     
     833/    8044 : [831]               	ENDIF
     834/    8044 :                     
     835/    8044 : =>UNDEFINED         	IFDEF KZ80
     836/    8044 :                     	  include "device/KZ80_8251.asm"
     837/    8044 : [835]               	ENDIF
     838/    8044 :                     ;
     839/    8044 :                     ;------------------------------------------------------------------------------
     840/    8044 :                     ; RAM バッファ & STACK
     841/    8044 :                     ;------------------------------------------------------------------------------
     842/    8044 :                     	ORG DEVICE_RAM_END
     843/    8044 :                     ;
     844/    8044 :                     INBUF   DS  60
     845/    8080 : =3CH                INMAX   EQU  $-INBUF
     846/    8080 :                     INEND   DS  1
     847/    8081 :                     ;
     848/    8081 :                     ARGC	DS	1
     849/    8082 :                     ARGV_1	DS	2
     850/    8084 :                     ARGV_2	DS	2
     851/    8086 :                     ARGV_3	DS	2
     852/    8088 : =3H                 ARG_MAX	EQU ($-ARGV_1)/2
     853/    8088 : =7H                 ARG_AREA_LEN EQU $-ARGC
     854/    8088 :                     ;
     855/    8088 :                         	DS	32
     856/    80A8 : =80A8H              STACK   EQU $
     857/    80A8 :                     
 AS V1.42 Beta [Bld 137] - source file Z80mon.asm - page 19 - 2019/05/01 13時18分37秒


  symbol table (* = unused):
  ------------------------

 ABORT_MSG :                    5F1 C |  ADDR_OUT :                     2EE C |
*ARCHITECTURE :    x86_64-apple-osx - |  ARGC :                        8081 C |
 ARGV_1 :                      8082 C |  ARGV_2 :                      8084 C |
*ARGV_3 :                      8086 C |  ARG_AREA_LEN :                   7 - |
 ARG_MAX :                        3 - |  ASC16 :                        2D0 C |
 BEEP :                           7 - | *BIGENDIAN :                      0 - |
*BRANCHEXT :                      0 - |  BS :                             8 - |
 BSTXT :                        4EE C |  BUFEMP :                         5 - |
 BUFFUL :                        30 - |  BUFSIZ :                        3F - |
*CASESENSITIVE :                  0 - |  CHECKSUM_ERRMSG :              60B C |
 CIN :                          661 C |  CKINCHAR :                     69B C |
*CLS :                            C - |  CMD_TBL :                      491 C |
*CONSTPI :        3.141592653589793 - |  COUT :                         68F C |
 COUT1 :                        690 C |  CPRINT :                       1AE C |
 CR :                             D - |  CRLF_PRINT :                   1B4 C |
*CTRLC :                          3 - | *DATE :                  2019/05/01 - |
 DEL :                           7F - |  DEVICE_RAM_END :              8044 - |
 DUMP16 :                       2FB C |  DUMP_AT :                      30B C |
 ESC :                           1B - | *FALSE :                          0 - |
*FULLPMMU :                       1 - |  GETC :                         13E C |
*HAS64 :                          1 - | *HASDSP :                         0 - |
*HASFPU :                         0 - | *HASPMMU :                        0 - |
 HATENA_MSG :                   61F C |  HELP_MSG :                     4F2 C |
 HELP_OUT :                     1DC C |  HEX2BIN :                      23D C |
 HEX2OUT :                      1BF C |  HEX4BIN :                      26A C |
 HEX4OUT :                      1F0 C |  INBUF :                       8044 C |
 INEND :                       8080 C | *INEXTMODE :                      0 - |
 INIT :                         6A1 C | *INLWORDMODE :                    0 - |
 INMAX :                         3C - | *INMAXMODE :                      0 - |
*INSRCMODE :                      0 - | *INSUPMODE :                      0 - |
 IO_IN :                        3D1 C |  IO_OUT :                       400 C |
*LF :                             A - | *LISTON :                         1 - |
 LOAD :                         440 C | *MACEXP :                         7 - |
 MAIN :                         100 C |  MEM_CHANGE :                   321 C |
 MEM_DUMP :                     278 C | *MOMCPU :                        80 - |
*MOMCPUNAME :                   Z80 - | *NESTMAX :                      100 - |
 NOTFUL :                       63B C |  NOTWRP :                       648 C |
 NRWRAP :                       677 C |  NULL :                           0 - |
 OPENMSG :                      4CB C | *PACKING :                        0 - |
*PADDING :                        1 - |  PARAM_ERRMSG :                 5DE C |
 PARSER :                       1FB C |  PGM_GO :                       397 C |
 PGM_GO_PARAM :                 3BD C | *RELAXED :                        0 - |
*RST00 :                          0 C | *RST08 :                          8 C |
*RST10 :                         10 C | *RST18 :                         18 C |
*RST38 :                         38 C |  RTS0 :                         65D C |
 RTS1 :                         68B C |  RTSHIG :                        17 - |
 RTSLOW :                        37 - | *SBC8080SUB :                     1 - |
 SERBUF :                      8000 C |  SERCNT :                      8043 C |
 SERINP :                      803F C |  SERINT :                       623 C |
 SERRDP :                      8041 C |  SPC :                           20 - |
 SPC_PRINT :                    1BB C |  STACK :                       80A8 - |
 STRIN :                        148 C |  STRPR :                        1A5 C |
 STR_LEN :                      310 C |  TAB :                            9 - |
*TIME :                          13\-26\-10\-1218\-27\-12\-1237\-25\-89\-11 - |
*TRUE :                           1 - |  UARTRC :                         1 - |
 UARTRD :                         0 - |  VERMSG :                       4B0 C |
 VERNAME :                                        KUNI-NET Z80 MONITOR v0.5 - |
 AS V1.42 Beta [Bld 137] - source file Z80mon.asm - page 20 - 2019/05/01 13時18分37秒


*VERSION :                     142F - |  VERSION_OUT :                  1E1 C |
 _ABORT_DUMP :                  2CA C |  _ASC16_DOT :                   2E6 C |
 _ASC16_LOOP :                  2DB C |  _ASC16_PRINT :                 2E8 C |
 _ATOBIN :                      257 C |  _ATOBIN1 :                     267 C |
 _BS_RTN :                      189 C |  _BS_RTN2 :                     194 C |
 _CHAR_SET :                    17B C |  _CHECKSUM_ERROR :              48A C |
 _CMD_LOOP :                    115 C |  _DUMP16_LOOP :                 300 C |
 _DUMP_END_CHECK :              2BF C |  _DUMP_GO :                     2AA C |
 _DUMP_LOOP :                   2A2 C |  _ERROR_EXIT :                  130 C |
 _ESC_RTN :                     187 C |  _HATENA_OUT :                  387 C |
 _HEX2BIN_EXIT :                255 C |  _HEX_CNV_PR :                  1D4 C |
 _LOAD_EXIT :                   490 C |  _LOAD_START :                  443 C |
 _MAIN_LOOP :                   106 C |  _MEM_CHANGE_EXIT :             391 C |
 _MEM_CHANGE_LOOP :             33F C |  _MEM_LOAD :                    473 C |
*_MEM_LOAD_START :              470 C |  _NEXT_ADDR :                   381 C |
 _NEXT_CMD :                    128 C |  _PARAM_ERR :                   2C4 C |
 _PARAM_LOOP :                  22D C |  _PARSE_ERR :                   23B C |
 _PARSE_LOOP :                  211 C |  _PGM_EXEC :                    3A8 C |
 _PRINT_END :                   1E6 C |  _STRIN_END :                   1A1 C |
 _STRIN_LOOP :                  15B C |  _STR_LEN_EXIT :                31D C |
 _STR_LEN_LOOP :                314 C |  _WARN_BEEP :                   182 C |

    154 symbols
     39 unused symbols

 AS V1.42 Beta [Bld 137] - source file Z80mon.asm - page 21 - 2019/05/01 13時18分37秒


  codepages:
  ----------

STANDARD (0 changed characters)


0.02 seconds assembly time

    994 lines source file
      2 passes
      0 errors
      0 warnings
